Using pre-set license
Built from '2020.3/staging' branch; Version is '2020.3.23f1 (c5d91304a876) revision 12966163'; Using compiler version '192528614'; Build Type 'Release'
OS: 'Windows 10 Pro; OS build 19042.1348; Version 2009; 64bit' Language: 'pt' Physical Memory: 7117 MB
BatchMode: 1, IsHumanControllingUs: 0, StartBugReporterOnCrash: 0, Is64bit: 1, IsPro: 0

COMMAND LINE ARGUMENTS:
C:\Program Files\Unity\Hub\Editor\2020.3.23f1\Editor\Unity.exe
-adb2
-batchMode
-noUpm
-name
AssetImportWorker0
-projectPath
C:/Users/Bruno/Desktop/XamaoXamu/XamaoXamu
-logFile
Logs/AssetImportWorker0.log
-srvPort
59273
Successfully changed project path to: C:/Users/Bruno/Desktop/XamaoXamu/XamaoXamu
C:/Users/Bruno/Desktop/XamaoXamu/XamaoXamu
Using Asset Import Pipeline V2.
Refreshing native plugins compatible for Editor in 72.31 ms, found 3 plugins.
Preloading 0 native plugins for Editor in 0.00 ms.
Initialize engine version: 2020.3.23f1 (c5d91304a876)
[Subsystems] Discovering subsystems at path C:/Program Files/Unity/Hub/Editor/2020.3.23f1/Editor/Data/Resources/UnitySubsystems
[Subsystems] Discovering subsystems at path C:/Users/Bruno/Desktop/XamaoXamu/XamaoXamu/Assets
GfxDevice: creating device client; threaded=0
Direct3D:
    Version:  Direct3D 11.0 [level 11.1]
    Renderer: NVIDIA GeForce GTX 1050 Ti (ID=0x1c82)
    Vendor:   
    VRAM:     4018 MB
    Driver:   27.21.14.5671
Initialize mono
Mono path[0] = 'C:/Program Files/Unity/Hub/Editor/2020.3.23f1/Editor/Data/Managed'
Mono path[1] = 'C:/Program Files/Unity/Hub/Editor/2020.3.23f1/Editor/Data/MonoBleedingEdge/lib/mono/unityjit'
Mono config path = 'C:/Program Files/Unity/Hub/Editor/2020.3.23f1/Editor/Data/MonoBleedingEdge/etc'
Using monoOptions --debugger-agent=transport=dt_socket,embedding=1,server=y,suspend=n,address=127.0.0.1:56108
Begin MonoManager ReloadAssembly
Registering precompiled unity dll's ...
Register platform support module: C:/Program Files/Unity/Hub/Editor/2020.3.23f1/Editor/Data/PlaybackEngines/WindowsStandaloneSupport/UnityEditor.WindowsStandalone.Extensions.dll
Registered in 0.002906 seconds.
Native extension for WindowsStandalone target not found
Refreshing native plugins compatible for Editor in 73.24 ms, found 3 plugins.
Preloading 0 native plugins for Editor in 0.00 ms.
Mono: successfully reloaded assembly
- Completed reload, in  1.074 seconds
Domain Reload Profiling:
	ReloadAssembly (1075ms)
		BeginReloadAssembly (106ms)
			ExecutionOrderSort (0ms)
			DisableScriptedObjects (0ms)
			BackupInstance (0ms)
			ReleaseScriptingObjects (0ms)
			CreateAndSetChildDomain (1ms)
		EndReloadAssembly (834ms)
			LoadAssemblies (102ms)
			RebuildTransferFunctionScriptingTraits (0ms)
			SetupTypeCache (242ms)
			ReleaseScriptCaches (0ms)
			RebuildScriptCaches (85ms)
			SetupLoadedEditorAssemblies (336ms)
				LogAssemblyErrors (0ms)
				InitializePlatformSupportModulesInManaged (10ms)
				SetLoadedEditorAssemblies (0ms)
				RefreshPlugins (73ms)
				BeforeProcessingInitializeOnLoad (14ms)
				ProcessInitializeOnLoadAttributes (172ms)
				ProcessInitializeOnLoadMethodAttributes (66ms)
				AfterProcessingInitializeOnLoad (0ms)
				EditorAssembliesLoaded (0ms)
			ExecutionOrderSort2 (0ms)
			AwakeInstancesAfterBackupRestoration (0ms)
Platform modules already initialized, skipping
Registering precompiled user dll's ...
Registered in 0.006301 seconds.
Begin MonoManager ReloadAssembly
Native extension for WindowsStandalone target not found
Refreshing native plugins compatible for Editor in 68.36 ms, found 3 plugins.
Preloading 0 native plugins for Editor in 0.00 ms.
Mono: successfully reloaded assembly
- Completed reload, in  1.994 seconds
Domain Reload Profiling:
	ReloadAssembly (1995ms)
		BeginReloadAssembly (284ms)
			ExecutionOrderSort (0ms)
			DisableScriptedObjects (8ms)
			BackupInstance (0ms)
			ReleaseScriptingObjects (0ms)
			CreateAndSetChildDomain (34ms)
		EndReloadAssembly (1493ms)
			LoadAssemblies (189ms)
			RebuildTransferFunctionScriptingTraits (0ms)
			SetupTypeCache (508ms)
			ReleaseScriptCaches (1ms)
			RebuildScriptCaches (76ms)
			SetupLoadedEditorAssemblies (535ms)
				LogAssemblyErrors (0ms)
				InitializePlatformSupportModulesInManaged (6ms)
				SetLoadedEditorAssemblies (0ms)
				RefreshPlugins (68ms)
				BeforeProcessingInitializeOnLoad (105ms)
				ProcessInitializeOnLoadAttributes (318ms)
				ProcessInitializeOnLoadMethodAttributes (26ms)
				AfterProcessingInitializeOnLoad (10ms)
				EditorAssembliesLoaded (0ms)
			ExecutionOrderSort2 (0ms)
			AwakeInstancesAfterBackupRestoration (14ms)
Platform modules already initialized, skipping
========================================================================
Worker process is ready to serve import requests
Launched and connected shader compiler UnityShaderCompiler.exe after 0.11 seconds
Refreshing native plugins compatible for Editor in 0.57 ms, found 3 plugins.
Preloading 0 native plugins for Editor in 0.00 ms.
Unloading 2192 Unused Serialized files (Serialized files now loaded: 0)
System memory in use before: 95.8 MB.
System memory in use after: 95.9 MB.

Unloading 28 unused Assets to reduce memory usage. Loaded Objects now: 2625.
Total: 4.940900 ms (FindLiveObjects: 0.289100 ms CreateObjectMapping: 0.071400 ms MarkObjects: 4.452900 ms  DeleteObjects: 0.125000 ms)

AssetImportParameters requested are different than current active one (requested -> active):
  custom:framework-win-MediaFoundation: 216162199b28c13a410421893ffa2e32 -> 
  custom:video-decoder-ogg-theora: a1e56fd34408186e4bbccfd4996cb3dc -> 
  custom:container-muxer-webm: aa71ff27fc2769a1b78a27578f13a17b -> 
  custom:container-demuxer-webm: 4f35f7cbe854078d1ac9338744f61a02 -> 
  custom:container-demuxer-ogg: 62fdf1f143b41e24485cea50d1cbac27 -> 
  custom:video-encoder-webm-vp8: eb34c28f22e8b96e1ab97ce403110664 -> 
  custom:video-decoder-webm-vp8: 9c59270c3fd7afecdb556c50c9e8de78 -> 
  custom:audio-decoder-ogg-vorbis: bf7c407c2cedff20999df2af8eb42d56 -> 
  custom:audio-encoder-webm-vorbis: bf7c407c2cedff20999df2af8eb42d56 -> 
========================================================================
Received Import Request.
  path: Assets/Scenes
  artifactKey: Guid(6f6fcb07a3434c2459276d05b5695099) Importer(815301076,1909f56bfc062723c751e8b465ee728b)
Start importing Assets/Scenes using Guid(6f6fcb07a3434c2459276d05b5695099) Importer(815301076,1909f56bfc062723c751e8b465ee728b)  -> (artifact id: '75b181dc126aa606a8125aa4115c6e06') in 0.018892 seconds 
  Import took 0.027530 seconds .

========================================================================
Received Import Request.
  Time since last request: 480.311869 seconds.
  path: Assets/Sprites/Interface/balao.png
  artifactKey: Guid(1f4fd2536cc660242b17ad2aa995313a) Importer(815301076,1909f56bfc062723c751e8b465ee728b)
Start importing Assets/Sprites/Interface/balao.png using Guid(1f4fd2536cc660242b17ad2aa995313a) Importer(815301076,1909f56bfc062723c751e8b465ee728b)  -> (artifact id: '587a984e2902f4897ac5dde1096888e8') in 0.125148 seconds 
  Import took 0.130105 seconds .

========================================================================
Received Import Request.
  Time since last request: 2.433533 seconds.
  path: Assets/Sprites/Props/Estaticos/bg_tileset.png
  artifactKey: Guid(b00364fea3b9fe64588e9b6dd239a6ef) Importer(815301076,1909f56bfc062723c751e8b465ee728b)
Start importing Assets/Sprites/Props/Estaticos/bg_tileset.png using Guid(b00364fea3b9fe64588e9b6dd239a6ef) Importer(815301076,1909f56bfc062723c751e8b465ee728b)  -> (artifact id: 'bba864e4ffdd9e6ba1fad8caf3df7b7d') in 0.022030 seconds 
  Import took 0.026970 seconds .

========================================================================
Received Import Request.
  Time since last request: 36.650907 seconds.
  path: Assets/Sprites/Props/Estaticos/bg_tileset.png
  artifactKey: Guid(b00364fea3b9fe64588e9b6dd239a6ef) Importer(815301076,1909f56bfc062723c751e8b465ee728b)
Start importing Assets/Sprites/Props/Estaticos/bg_tileset.png using Guid(b00364fea3b9fe64588e9b6dd239a6ef) Importer(815301076,1909f56bfc062723c751e8b465ee728b)  -> (artifact id: '4e044cb1372c3ed403e997d4c5070f2f') in 0.018714 seconds 
  Import took 0.025004 seconds .

========================================================================
Received Import Request.
  Time since last request: 13.480475 seconds.
  path: Assets/Sprites/Props/Interagiveis/mundo.png
  artifactKey: Guid(08c6610bc6565b045949f9da96b8ce97) Importer(815301076,1909f56bfc062723c751e8b465ee728b)
Start importing Assets/Sprites/Props/Interagiveis/mundo.png using Guid(08c6610bc6565b045949f9da96b8ce97) Importer(815301076,1909f56bfc062723c751e8b465ee728b)  -> (artifact id: '745d01488686e1ee19821fd4cb17a4c1') in 0.024046 seconds 
  Import took 0.029550 seconds .

========================================================================
Received Import Request.
  Time since last request: 3.614561 seconds.
  path: Assets/Sprites/Props/Interagiveis/mundo.png
  artifactKey: Guid(08c6610bc6565b045949f9da96b8ce97) Importer(815301076,1909f56bfc062723c751e8b465ee728b)
Start importing Assets/Sprites/Props/Interagiveis/mundo.png using Guid(08c6610bc6565b045949f9da96b8ce97) Importer(815301076,1909f56bfc062723c751e8b465ee728b)  -> (artifact id: '9655222016446b8320154a260be47bd9') in 0.019415 seconds 
  Import took 0.024195 seconds .

========================================================================
Received Import Request.
  Time since last request: 3.011536 seconds.
  path: Assets/Sprites/Interface/Icones/icone_fala.png
  artifactKey: Guid(522f99cee42f5104bb56044c7c3c3ed8) Importer(815301076,1909f56bfc062723c751e8b465ee728b)
Start importing Assets/Sprites/Interface/Icones/icone_fala.png using Guid(522f99cee42f5104bb56044c7c3c3ed8) Importer(815301076,1909f56bfc062723c751e8b465ee728b)  -> (artifact id: '085ecebe5bcf25c73aa20f33f4d35669') in 0.021129 seconds 
  Import took 0.025865 seconds .

========================================================================
Received Import Request.
  Time since last request: 3.615635 seconds.
  path: Assets/Sprites/Interface/Icones/icone_fala.png
  artifactKey: Guid(522f99cee42f5104bb56044c7c3c3ed8) Importer(815301076,1909f56bfc062723c751e8b465ee728b)
Start importing Assets/Sprites/Interface/Icones/icone_fala.png using Guid(522f99cee42f5104bb56044c7c3c3ed8) Importer(815301076,1909f56bfc062723c751e8b465ee728b)  -> (artifact id: 'bc6e20a7e12b713e6c283850c142d680') in 0.026767 seconds 
  Import took 0.030536 seconds .

========================================================================
Received Import Request.
  Time since last request: 2.407529 seconds.
  path: Assets/Sprites/Personagens/enfermeira_sheet.png
  artifactKey: Guid(510e1bb8eb645504ab20d309e3b48f1d) Importer(815301076,1909f56bfc062723c751e8b465ee728b)
Start importing Assets/Sprites/Personagens/enfermeira_sheet.png using Guid(510e1bb8eb645504ab20d309e3b48f1d) Importer(815301076,1909f56bfc062723c751e8b465ee728b)  -> (artifact id: '5ac7fd1c7ad854a2c8c64e9d30e3ab27') in 0.030277 seconds 
  Import took 0.034879 seconds .

========================================================================
Received Import Request.
  Time since last request: 0.000227 seconds.
  path: Assets/Sprites/Personagens/joaoroberto_sheet.png
  artifactKey: Guid(6788620d54d1cce44be83cb78d14d9e7) Importer(815301076,1909f56bfc062723c751e8b465ee728b)
Start importing Assets/Sprites/Personagens/joaoroberto_sheet.png using Guid(6788620d54d1cce44be83cb78d14d9e7) Importer(815301076,1909f56bfc062723c751e8b465ee728b)  -> (artifact id: 'fc3f2a0913b359be473911f669f34d72') in 0.022073 seconds 
  Import took 0.026351 seconds .

========================================================================
Received Import Request.
  Time since last request: 8.754257 seconds.
  path: Assets/Sprites/Personagens/enfermeira_sheet.png
  artifactKey: Guid(510e1bb8eb645504ab20d309e3b48f1d) Importer(815301076,1909f56bfc062723c751e8b465ee728b)
Start importing Assets/Sprites/Personagens/enfermeira_sheet.png using Guid(510e1bb8eb645504ab20d309e3b48f1d) Importer(815301076,1909f56bfc062723c751e8b465ee728b)  -> (artifact id: '435065cd8cdf2101174d80a64c13d161') in 0.019263 seconds 
  Import took 0.024306 seconds .

========================================================================
Received Import Request.
  Time since last request: 3.209665 seconds.
  path: Assets/Sprites/Personagens/joaoroberto_sheet.png
  artifactKey: Guid(6788620d54d1cce44be83cb78d14d9e7) Importer(815301076,1909f56bfc062723c751e8b465ee728b)
Start importing Assets/Sprites/Personagens/joaoroberto_sheet.png using Guid(6788620d54d1cce44be83cb78d14d9e7) Importer(815301076,1909f56bfc062723c751e8b465ee728b)  -> (artifact id: '6c0eade8d73cebc958b67920ef27f101') in 0.020237 seconds 
  Import took 0.024144 seconds .

========================================================================
Received Import Request.
  Time since last request: 22.280938 seconds.
  path: Assets/Sprites/Props/Estaticos/bg_tileset.png
  artifactKey: Guid(b00364fea3b9fe64588e9b6dd239a6ef) Importer(815301076,1909f56bfc062723c751e8b465ee728b)
Start importing Assets/Sprites/Props/Estaticos/bg_tileset.png using Guid(b00364fea3b9fe64588e9b6dd239a6ef) Importer(815301076,1909f56bfc062723c751e8b465ee728b)  -> (artifact id: 'd3a891d5b012c0bc30ce48f46b3832b5') in 0.013415 seconds 
  Import took 0.020172 seconds .

========================================================================
Received Import Request.
  Time since last request: 15.367252 seconds.
  path: Assets/Sprites/Props/Estaticos/bg_tileset.png
  artifactKey: Guid(b00364fea3b9fe64588e9b6dd239a6ef) Importer(815301076,1909f56bfc062723c751e8b465ee728b)
Start importing Assets/Sprites/Props/Estaticos/bg_tileset.png using Guid(b00364fea3b9fe64588e9b6dd239a6ef) Importer(815301076,1909f56bfc062723c751e8b465ee728b)  -> (artifact id: '1d7394ab7fb090755ba282866fb8ee4e') in 0.039275 seconds 
  Import took 0.044164 seconds .

========================================================================
Received Import Request.
  Time since last request: 5.825481 seconds.
  path: Assets/Sprites/Props/Estaticos/bg_tileset.png
  artifactKey: Guid(b00364fea3b9fe64588e9b6dd239a6ef) Importer(815301076,1909f56bfc062723c751e8b465ee728b)
Start importing Assets/Sprites/Props/Estaticos/bg_tileset.png using Guid(b00364fea3b9fe64588e9b6dd239a6ef) Importer(815301076,1909f56bfc062723c751e8b465ee728b)  -> (artifact id: 'ebcbae263c1ff2bd3739692117b6d388') in 0.027263 seconds 
  Import took 0.033119 seconds .

========================================================================
Received Import Request.
  Time since last request: 371.332289 seconds.
  path: Assets/Sprites/Props/Estaticos/bg_tileset.png
  artifactKey: Guid(b00364fea3b9fe64588e9b6dd239a6ef) Importer(815301076,1909f56bfc062723c751e8b465ee728b)
Start importing Assets/Sprites/Props/Estaticos/bg_tileset.png using Guid(b00364fea3b9fe64588e9b6dd239a6ef) Importer(815301076,1909f56bfc062723c751e8b465ee728b)  -> (artifact id: 'b8a7da20c43e759c1afe5d94fa8a303f') in 0.043277 seconds 
  Import took 0.051922 seconds .

========================================================================
Received Import Request.
  Time since last request: 29.014542 seconds.
  path: Assets/Sprites/Props/Estaticos/bg_tileset.png
  artifactKey: Guid(b00364fea3b9fe64588e9b6dd239a6ef) Importer(815301076,1909f56bfc062723c751e8b465ee728b)
Start importing Assets/Sprites/Props/Estaticos/bg_tileset.png using Guid(b00364fea3b9fe64588e9b6dd239a6ef) Importer(815301076,1909f56bfc062723c751e8b465ee728b)  -> (artifact id: '9bca9a6c4944ec6966f5a33d9dc38e73') in 0.033700 seconds 
  Import took 0.038401 seconds .

========================================================================
Received Import Request.
  Time since last request: 254.665422 seconds.
  path: Assets/Tilemaps/bg_tileset_0.asset
  artifactKey: Guid(f0284ebb74a89014daa8eeac276ae791) Importer(815301076,1909f56bfc062723c751e8b465ee728b)
Start importing Assets/Tilemaps/bg_tileset_0.asset using Guid(f0284ebb74a89014daa8eeac276ae791) Importer(815301076,1909f56bfc062723c751e8b465ee728b)  -> (artifact id: '29074acfbfbd3870d7824c86f0b9238c') in 0.035635 seconds 
  Import took 0.040466 seconds .

========================================================================
Received Import Request.
  Time since last request: 0.000208 seconds.
  path: Assets/Tilemaps/bg_tileset_2.asset
  artifactKey: Guid(da4c4036a9983724c91293f0634bd6fa) Importer(815301076,1909f56bfc062723c751e8b465ee728b)
Start importing Assets/Tilemaps/bg_tileset_2.asset using Guid(da4c4036a9983724c91293f0634bd6fa) Importer(815301076,1909f56bfc062723c751e8b465ee728b)  -> (artifact id: '30d208246454ac3453722e71e4ada187') in 0.020500 seconds 
  Import took 0.024745 seconds .

========================================================================
Received Import Request.
  Time since last request: 0.000193 seconds.
  path: Assets/Tilemaps/Hospital.prefab
  artifactKey: Guid(6e1dd9d866a1dce4c86c9a33ff28bc60) Importer(815301076,1909f56bfc062723c751e8b465ee728b)
Start importing Assets/Tilemaps/Hospital.prefab using Guid(6e1dd9d866a1dce4c86c9a33ff28bc60) Importer(815301076,1909f56bfc062723c751e8b465ee728b)  -> (artifact id: '05e04885ec6884a14f8f7c48e5f0c7a0') in 0.056610 seconds 
  Import took 0.061180 seconds .

========================================================================
Received Import Request.
  Time since last request: 0.000358 seconds.
  path: Assets/Tilemaps/bg_tileset_1.asset
  artifactKey: Guid(a7e727b3660feb046a65c57deb7f364a) Importer(815301076,1909f56bfc062723c751e8b465ee728b)
Start importing Assets/Tilemaps/bg_tileset_1.asset using Guid(a7e727b3660feb046a65c57deb7f364a) Importer(815301076,1909f56bfc062723c751e8b465ee728b)  -> (artifact id: 'ad9400ee680804d798ca8f559354e20f') in 0.019129 seconds 
  Import took 0.023631 seconds .

========================================================================
Received Import Request.
  Time since last request: 0.000211 seconds.
  path: Assets/Tilemaps/bg_tileset_3.asset
  artifactKey: Guid(c749d102f3fad1f4aa18722b2564f333) Importer(815301076,1909f56bfc062723c751e8b465ee728b)
Start importing Assets/Tilemaps/bg_tileset_3.asset using Guid(c749d102f3fad1f4aa18722b2564f333) Importer(815301076,1909f56bfc062723c751e8b465ee728b)  -> (artifact id: 'a8840d26219b65458c1797bb3b46f9fe') in 0.018938 seconds 
  Import took 0.022838 seconds .

========================================================================
Received Import Request.
  Time since last request: 0.000228 seconds.
  path: Assets/Tilemaps/bg_tileset_4.asset
  artifactKey: Guid(e140b668575711841ba8c11c336aa435) Importer(815301076,1909f56bfc062723c751e8b465ee728b)
Start importing Assets/Tilemaps/bg_tileset_4.asset using Guid(e140b668575711841ba8c11c336aa435) Importer(815301076,1909f56bfc062723c751e8b465ee728b)  -> (artifact id: '4d3c9278d7ba74769729c6869ca36d0d') in 0.018714 seconds 
  Import took 0.022373 seconds .

========================================================================
Received Import Request.
  Time since last request: 140.122605 seconds.
  path: Assets/Scenes/Hospital.unity
  artifactKey: Guid(dfda1887ff496374c88389377f32f934) Importer(815301076,1909f56bfc062723c751e8b465ee728b)
Start importing Assets/Scenes/Hospital.unity using Guid(dfda1887ff496374c88389377f32f934) Importer(815301076,1909f56bfc062723c751e8b465ee728b)  -> (artifact id: '935bf617cac5f3de775214733ae479d5') in 0.013661 seconds 
  Import took 0.017364 seconds .

========================================================================
Received Import Request.
  Time since last request: 325.224141 seconds.
  path: Assets/Sprites/Props/Estaticos/bg_tileset.png
  artifactKey: Guid(b00364fea3b9fe64588e9b6dd239a6ef) Importer(815301076,1909f56bfc062723c751e8b465ee728b)
Start importing Assets/Sprites/Props/Estaticos/bg_tileset.png using Guid(b00364fea3b9fe64588e9b6dd239a6ef) Importer(815301076,1909f56bfc062723c751e8b465ee728b)  -> (artifact id: '226a2ffe5acd2bd3a62b153a0e399c37') in 0.045005 seconds 
  Import took 0.050392 seconds .

========================================================================
Received Import Request.
  Time since last request: 13.663052 seconds.
  path: Assets/Sprites/Props/Estaticos/bg_tileset.png
  artifactKey: Guid(b00364fea3b9fe64588e9b6dd239a6ef) Importer(815301076,1909f56bfc062723c751e8b465ee728b)
Start importing Assets/Sprites/Props/Estaticos/bg_tileset.png using Guid(b00364fea3b9fe64588e9b6dd239a6ef) Importer(815301076,1909f56bfc062723c751e8b465ee728b)  -> (artifact id: 'ddec243c2b0752b3adb49f9448ed3ba7') in 0.043204 seconds 
  Import took 0.047157 seconds .

========================================================================
Received Import Request.
  Time since last request: 260.087317 seconds.
  path: Assets/Sprites/Props/Interagiveis/mundo.png
  artifactKey: Guid(08c6610bc6565b045949f9da96b8ce97) Importer(815301076,1909f56bfc062723c751e8b465ee728b)
Start importing Assets/Sprites/Props/Interagiveis/mundo.png using Guid(08c6610bc6565b045949f9da96b8ce97) Importer(815301076,1909f56bfc062723c751e8b465ee728b)  -> (artifact id: '8033e4843da2eda8a56b8a5dcc532852') in 0.016830 seconds 
  Import took 0.021767 seconds .

========================================================================
Received Import Request.
  Time since last request: 6.082850 seconds.
  path: Assets/Sprites/Props/Interagiveis/mundo.png
  artifactKey: Guid(08c6610bc6565b045949f9da96b8ce97) Importer(815301076,1909f56bfc062723c751e8b465ee728b)
Start importing Assets/Sprites/Props/Interagiveis/mundo.png using Guid(08c6610bc6565b045949f9da96b8ce97) Importer(815301076,1909f56bfc062723c751e8b465ee728b)  -> (artifact id: '3351122e90946db103b2277d063ccce9') in 0.062932 seconds 
  Import took 0.067693 seconds .

========================================================================
Received Prepare
Registering precompiled user dll's ...
Registered in 0.122603 seconds.
Begin MonoManager ReloadAssembly
Native extension for WindowsStandalone target not found
Refreshing native plugins compatible for Editor in 0.65 ms, found 3 plugins.
Preloading 0 native plugins for Editor in 0.00 ms.
Mono: successfully reloaded assembly
- Completed reload, in  1.773 seconds
Domain Reload Profiling:
	ReloadAssembly (1776ms)
		BeginReloadAssembly (313ms)
			ExecutionOrderSort (0ms)
			DisableScriptedObjects (24ms)
			BackupInstance (0ms)
			ReleaseScriptingObjects (0ms)
			CreateAndSetChildDomain (132ms)
		EndReloadAssembly (1333ms)
			LoadAssemblies (184ms)
			RebuildTransferFunctionScriptingTraits (0ms)
			SetupTypeCache (456ms)
			ReleaseScriptCaches (1ms)
			RebuildScriptCaches (73ms)
			SetupLoadedEditorAssemblies (480ms)
				LogAssemblyErrors (0ms)
				InitializePlatformSupportModulesInManaged (8ms)
				SetLoadedEditorAssemblies (1ms)
				RefreshPlugins (1ms)
				BeforeProcessingInitializeOnLoad (96ms)
				ProcessInitializeOnLoadAttributes (345ms)
				ProcessInitializeOnLoadMethodAttributes (19ms)
				AfterProcessingInitializeOnLoad (10ms)
				EditorAssembliesLoaded (0ms)
			ExecutionOrderSort2 (0ms)
			AwakeInstancesAfterBackupRestoration (14ms)
Platform modules already initialized, skipping
Refreshing native plugins compatible for Editor in 0.53 ms, found 3 plugins.
Preloading 0 native plugins for Editor in 0.00 ms.
Unloading 2181 Unused Serialized files (Serialized files now loaded: 0)
System memory in use before: 98.3 MB.
System memory in use after: 98.4 MB.

Unloading 17 unused Assets to reduce memory usage. Loaded Objects now: 2673.
Total: 4.175500 ms (FindLiveObjects: 0.317300 ms CreateObjectMapping: 0.075400 ms MarkObjects: 3.713000 ms  DeleteObjects: 0.068000 ms)

AssetImportParameters requested are different than current active one (requested -> active):
  custom:framework-win-MediaFoundation: 216162199b28c13a410421893ffa2e32 -> 
  custom:video-decoder-ogg-theora: a1e56fd34408186e4bbccfd4996cb3dc -> 
  custom:container-muxer-webm: aa71ff27fc2769a1b78a27578f13a17b -> 
  custom:container-demuxer-webm: 4f35f7cbe854078d1ac9338744f61a02 -> 
  custom:container-demuxer-ogg: 62fdf1f143b41e24485cea50d1cbac27 -> 
  custom:video-encoder-webm-vp8: eb34c28f22e8b96e1ab97ce403110664 -> 
  custom:video-decoder-webm-vp8: 9c59270c3fd7afecdb556c50c9e8de78 -> 
  custom:audio-decoder-ogg-vorbis: bf7c407c2cedff20999df2af8eb42d56 -> 
  custom:audio-encoder-webm-vorbis: bf7c407c2cedff20999df2af8eb42d56 -> 
========================================================================
Received Prepare
Registering precompiled user dll's ...
Registered in 0.006628 seconds.
Begin MonoManager ReloadAssembly
Native extension for WindowsStandalone target not found
Refreshing native plugins compatible for Editor in 0.53 ms, found 3 plugins.
Preloading 0 native plugins for Editor in 0.00 ms.
Mono: successfully reloaded assembly
- Completed reload, in  1.547 seconds
Domain Reload Profiling:
	ReloadAssembly (1548ms)
		BeginReloadAssembly (152ms)
			ExecutionOrderSort (0ms)
			DisableScriptedObjects (9ms)
			BackupInstance (0ms)
			ReleaseScriptingObjects (0ms)
			CreateAndSetChildDomain (44ms)
		EndReloadAssembly (1294ms)
			LoadAssemblies (135ms)
			RebuildTransferFunctionScriptingTraits (0ms)
			SetupTypeCache (500ms)
			ReleaseScriptCaches (1ms)
			RebuildScriptCaches (70ms)
			SetupLoadedEditorAssemblies (424ms)
				LogAssemblyErrors (0ms)
				InitializePlatformSupportModulesInManaged (7ms)
				SetLoadedEditorAssemblies (1ms)
				RefreshPlugins (1ms)
				BeforeProcessingInitializeOnLoad (89ms)
				ProcessInitializeOnLoadAttributes (295ms)
				ProcessInitializeOnLoadMethodAttributes (21ms)
				AfterProcessingInitializeOnLoad (10ms)
				EditorAssembliesLoaded (0ms)
			ExecutionOrderSort2 (0ms)
			AwakeInstancesAfterBackupRestoration (16ms)
Platform modules already initialized, skipping
Refreshing native plugins compatible for Editor in 0.58 ms, found 3 plugins.
Preloading 0 native plugins for Editor in 0.00 ms.
Unloading 2181 Unused Serialized files (Serialized files now loaded: 0)
System memory in use before: 98.3 MB.
System memory in use after: 98.4 MB.

Unloading 17 unused Assets to reduce memory usage. Loaded Objects now: 2675.
Total: 3.705900 ms (FindLiveObjects: 0.250500 ms CreateObjectMapping: 0.066100 ms MarkObjects: 3.360600 ms  DeleteObjects: 0.027100 ms)

AssetImportParameters requested are different than current active one (requested -> active):
  custom:framework-win-MediaFoundation: 216162199b28c13a410421893ffa2e32 -> 
  custom:video-decoder-ogg-theora: a1e56fd34408186e4bbccfd4996cb3dc -> 
  custom:container-muxer-webm: aa71ff27fc2769a1b78a27578f13a17b -> 
  custom:container-demuxer-webm: 4f35f7cbe854078d1ac9338744f61a02 -> 
  custom:container-demuxer-ogg: 62fdf1f143b41e24485cea50d1cbac27 -> 
  custom:video-encoder-webm-vp8: eb34c28f22e8b96e1ab97ce403110664 -> 
  custom:video-decoder-webm-vp8: 9c59270c3fd7afecdb556c50c9e8de78 -> 
  custom:audio-decoder-ogg-vorbis: bf7c407c2cedff20999df2af8eb42d56 -> 
  custom:audio-encoder-webm-vorbis: bf7c407c2cedff20999df2af8eb42d56 -> 
========================================================================
Received Prepare
Registering precompiled user dll's ...
Registered in 0.006280 seconds.
Begin MonoManager ReloadAssembly
Native extension for WindowsStandalone target not found
Refreshing native plugins compatible for Editor in 0.95 ms, found 3 plugins.
Preloading 0 native plugins for Editor in 0.00 ms.
Mono: successfully reloaded assembly
- Completed reload, in  1.516 seconds
Domain Reload Profiling:
	ReloadAssembly (1517ms)
		BeginReloadAssembly (154ms)
			ExecutionOrderSort (0ms)
			DisableScriptedObjects (9ms)
			BackupInstance (0ms)
			ReleaseScriptingObjects (0ms)
			CreateAndSetChildDomain (42ms)
		EndReloadAssembly (1273ms)
			LoadAssemblies (137ms)
			RebuildTransferFunctionScriptingTraits (0ms)
			SetupTypeCache (463ms)
			ReleaseScriptCaches (1ms)
			RebuildScriptCaches (59ms)
			SetupLoadedEditorAssemblies (451ms)
				LogAssemblyErrors (0ms)
				InitializePlatformSupportModulesInManaged (8ms)
				SetLoadedEditorAssemblies (1ms)
				RefreshPlugins (1ms)
				BeforeProcessingInitializeOnLoad (94ms)
				ProcessInitializeOnLoadAttributes (319ms)
				ProcessInitializeOnLoadMethodAttributes (17ms)
				AfterProcessingInitializeOnLoad (11ms)
				EditorAssembliesLoaded (0ms)
			ExecutionOrderSort2 (0ms)
			AwakeInstancesAfterBackupRestoration (15ms)
Platform modules already initialized, skipping
Refreshing native plugins compatible for Editor in 0.62 ms, found 3 plugins.
Preloading 0 native plugins for Editor in 0.00 ms.
Unloading 2181 Unused Serialized files (Serialized files now loaded: 0)
System memory in use before: 98.3 MB.
System memory in use after: 98.5 MB.

Unloading 17 unused Assets to reduce memory usage. Loaded Objects now: 2677.
Total: 4.230000 ms (FindLiveObjects: 0.385600 ms CreateObjectMapping: 0.059500 ms MarkObjects: 3.757200 ms  DeleteObjects: 0.025000 ms)

AssetImportParameters requested are different than current active one (requested -> active):
  custom:framework-win-MediaFoundation: 216162199b28c13a410421893ffa2e32 -> 
  custom:video-decoder-ogg-theora: a1e56fd34408186e4bbccfd4996cb3dc -> 
  custom:container-muxer-webm: aa71ff27fc2769a1b78a27578f13a17b -> 
  custom:container-demuxer-webm: 4f35f7cbe854078d1ac9338744f61a02 -> 
  custom:container-demuxer-ogg: 62fdf1f143b41e24485cea50d1cbac27 -> 
  custom:video-encoder-webm-vp8: eb34c28f22e8b96e1ab97ce403110664 -> 
  custom:video-decoder-webm-vp8: 9c59270c3fd7afecdb556c50c9e8de78 -> 
  custom:audio-decoder-ogg-vorbis: bf7c407c2cedff20999df2af8eb42d56 -> 
  custom:audio-encoder-webm-vorbis: bf7c407c2cedff20999df2af8eb42d56 -> 
========================================================================
Received Prepare
Registering precompiled user dll's ...
Registered in 0.005928 seconds.
Begin MonoManager ReloadAssembly
Native extension for WindowsStandalone target not found
Refreshing native plugins compatible for Editor in 0.64 ms, found 3 plugins.
Preloading 0 native plugins for Editor in 0.00 ms.
Mono: successfully reloaded assembly
- Completed reload, in  1.759 seconds
Domain Reload Profiling:
	ReloadAssembly (1760ms)
		BeginReloadAssembly (148ms)
			ExecutionOrderSort (0ms)
			DisableScriptedObjects (10ms)
			BackupInstance (0ms)
			ReleaseScriptingObjects (0ms)
			CreateAndSetChildDomain (44ms)
		EndReloadAssembly (1512ms)
			LoadAssemblies (302ms)
			RebuildTransferFunctionScriptingTraits (0ms)
			SetupTypeCache (427ms)
			ReleaseScriptCaches (2ms)
			RebuildScriptCaches (168ms)
			SetupLoadedEditorAssemblies (428ms)
				LogAssemblyErrors (0ms)
				InitializePlatformSupportModulesInManaged (7ms)
				SetLoadedEditorAssemblies (1ms)
				RefreshPlugins (1ms)
				BeforeProcessingInitializeOnLoad (92ms)
				ProcessInitializeOnLoadAttributes (300ms)
				ProcessInitializeOnLoadMethodAttributes (17ms)
				AfterProcessingInitializeOnLoad (10ms)
				EditorAssembliesLoaded (0ms)
			ExecutionOrderSort2 (0ms)
			AwakeInstancesAfterBackupRestoration (13ms)
Platform modules already initialized, skipping
Refreshing native plugins compatible for Editor in 0.55 ms, found 3 plugins.
Preloading 0 native plugins for Editor in 0.00 ms.
Unloading 2181 Unused Serialized files (Serialized files now loaded: 0)
System memory in use before: 98.3 MB.
System memory in use after: 98.5 MB.

Unloading 17 unused Assets to reduce memory usage. Loaded Objects now: 2679.
Total: 3.805200 ms (FindLiveObjects: 0.252700 ms CreateObjectMapping: 0.055300 ms MarkObjects: 3.464700 ms  DeleteObjects: 0.030700 ms)

AssetImportParameters requested are different than current active one (requested -> active):
  custom:framework-win-MediaFoundation: 216162199b28c13a410421893ffa2e32 -> 
  custom:video-decoder-ogg-theora: a1e56fd34408186e4bbccfd4996cb3dc -> 
  custom:container-muxer-webm: aa71ff27fc2769a1b78a27578f13a17b -> 
  custom:container-demuxer-webm: 4f35f7cbe854078d1ac9338744f61a02 -> 
  custom:container-demuxer-ogg: 62fdf1f143b41e24485cea50d1cbac27 -> 
  custom:video-encoder-webm-vp8: eb34c28f22e8b96e1ab97ce403110664 -> 
  custom:video-decoder-webm-vp8: 9c59270c3fd7afecdb556c50c9e8de78 -> 
  custom:audio-decoder-ogg-vorbis: bf7c407c2cedff20999df2af8eb42d56 -> 
  custom:audio-encoder-webm-vorbis: bf7c407c2cedff20999df2af8eb42d56 -> 
AssetImportWorkerClient::OnTransportError - code=2 error=End of file
